0 info it worked if it ends with ok
1 verbose cli [ 'C:\\Program Files\\nodejs\\node.exe',
1 verbose cli   'C:\\Users\\qhyang\\AppData\\Roaming\\npm\\node_modules\\npm\\bin\\npm-cli.js',
1 verbose cli   'run',
1 verbose cli   'i18n' ]
2 info using npm@4.1.1
3 info using node@v6.9.5
4 verbose run-script [ 'prei18n', 'i18n', 'posti18n' ]
5 info lifecycle bubblesoft-frontend@1.0.0~prei18n: bubblesoft-frontend@1.0.0
6 silly lifecycle bubblesoft-frontend@1.0.0~prei18n: no script for prei18n, continuing
7 info lifecycle bubblesoft-frontend@1.0.0~i18n: bubblesoft-frontend@1.0.0
8 verbose lifecycle bubblesoft-frontend@1.0.0~i18n: unsafe-perm in lifecycle true
9 verbose lifecycle bubblesoft-frontend@1.0.0~i18n: PATH: C:\Users\qhyang\AppData\Roaming\npm\node_modules\npm\bin\node-gyp-bin;E:\projects\bubblesoft-frontend\node_modules\.bin;C:\ProgramData\Oracle\Java\javapath;C:\Program Files\Java\jdk1.8.0_101\bin;C:\Program Files\Java\jdk1.8.0_101\jre\bin;C:\Program Files\MySQL\MySQL Server 5.6;C:\Program Files\nodejs\;C:\windows\system32;;C:\Program Files (x86)\Microsoft VS Code\bin;C:\Users\qhyang\AppData\Roaming\npm;C:\windows\system32
10 verbose lifecycle bubblesoft-frontend@1.0.0~i18n: CWD: E:\projects\bubblesoft-frontend
11 silly lifecycle bubblesoft-frontend@1.0.0~i18n: Args: [ '/d /s /c',
11 silly lifecycle   'grunt i18n-pug && grunt i18n-replace && ng-xi18n -p ./i18n/tsconfig.json' ]
12 silly lifecycle bubblesoft-frontend@1.0.0~i18n: Returned: code: 3  signal: null
13 info lifecycle bubblesoft-frontend@1.0.0~i18n: Failed to exec i18n script
14 verbose stack Error: bubblesoft-frontend@1.0.0 i18n: `grunt i18n-pug && grunt i18n-replace && ng-xi18n -p ./i18n/tsconfig.json`
14 verbose stack Exit status 3
14 verbose stack     at EventEmitter.<anonymous> (C:\Users\qhyang\AppData\Roaming\npm\node_modules\npm\lib\utils\lifecycle.js:279:16)
14 verbose stack     at emitTwo (events.js:106:13)
14 verbose stack     at EventEmitter.emit (events.js:191:7)
14 verbose stack     at ChildProcess.<anonymous> (C:\Users\qhyang\AppData\Roaming\npm\node_modules\npm\lib\utils\spawn.js:40:14)
14 verbose stack     at emitTwo (events.js:106:13)
14 verbose stack     at ChildProcess.emit (events.js:191:7)
14 verbose stack     at maybeClose (internal/child_process.js:877:16)
14 verbose stack     at Process.ChildProcess._handle.onexit (internal/child_process.js:226:5)
15 verbose pkgid bubblesoft-frontend@1.0.0
16 verbose cwd E:\projects\bubblesoft-frontend
17 error Windows_NT 6.1.7601
18 error argv "C:\\Program Files\\nodejs\\node.exe" "C:\\Users\\qhyang\\AppData\\Roaming\\npm\\node_modules\\npm\\bin\\npm-cli.js" "run" "i18n"
19 error node v6.9.5
20 error npm  v4.1.1
21 error code ELIFECYCLE
22 error bubblesoft-frontend@1.0.0 i18n: `grunt i18n-pug && grunt i18n-replace && ng-xi18n -p ./i18n/tsconfig.json`
22 error Exit status 3
23 error Failed at the bubblesoft-frontend@1.0.0 i18n script 'grunt i18n-pug && grunt i18n-replace && ng-xi18n -p ./i18n/tsconfig.json'.
23 error Make sure you have the latest version of node.js and npm installed.
23 error If you do, this is most likely a problem with the bubblesoft-frontend package,
23 error not with npm itself.
23 error Tell the author that this fails on your system:
23 error     grunt i18n-pug && grunt i18n-replace && ng-xi18n -p ./i18n/tsconfig.json
23 error You can get information on how to open an issue for this project with:
23 error     npm bugs bubblesoft-frontend
23 error Or if that isn't available, you can get their info via:
23 error     npm owner ls bubblesoft-frontend
23 error There is likely additional logging output above.
24 verbose exit [ 1, true ]
